<?xml version="1.0" encoding="UTF-8"?>
<!-- Generated by org.testng.reporters.JUnitReportReporter -->
<testsuite skipped="0" hostname="DESKTOP-90OQL1A" name="Week3.day1.ParallelExecutionWithUdid" tests="1" failures="0" timestamp="2020-06-13T11:44:59 IST" time="43.690" errors="0">
  <testcase name="launchApplication" time="43.690" classname="Week3.day1.ParallelExecutionWithUdid"/>
</testsuite> <!-- Week3.day1.ParallelExecutionWithUdid -->
